<?xml version="1.0" encoding="UTF-8"?>
<!-- Generated by org.testng.reporters.JUnitXMLReporter -->
<testsuite ignored="0" hostname="DESKTOP-M73206S" failures="0" tests="4" name="Test" time="15.073" errors="0" timestamp="2022-09-13T23:57:48 IST">
  <testcase classname="tempTestPack.Test_class" name="test1" time="0.007"/>
  <testcase classname="tempTestPack.Test_class" name="test2" time="0.004"/>
  <testcase classname="tempTestPack.TestNgClass" name="verifyContactToHelpCenterButton" time="1.242"/>
  <testcase classname="tempTestPack.TestNgClass" name="verifyGoBackToMessengerButton" time="1.73"/>
</testsuite> <!-- Test -->
