<?xml version="1.0" encoding="UTF-8"?>
<testng-results ignored="0" total="4" passed="4" failed="0" skipped="0">
  <reporter-output>
  </reporter-output>
  <suite started-at="2022-09-13T23:57:33 IST" name="Suite" finished-at="2022-09-13T23:57:48 IST" duration-ms="15073">
    <groups>
    </groups>
    <test started-at="2022-09-13T23:57:33 IST" name="Test" finished-at="2022-09-13T23:57:48 IST" duration-ms="15073">
      <class name="tempTestPack.Test_class">
        <test-method is-config="true" signature="beforeClass()[pri:0, instance:tempTestPack.Test_class@63355449]" started-at="2022-09-13T23:57:33 IST" name="beforeClass" finished-at="2022-09-13T23:57:33 IST" duration-ms="9" status="PASS">
          <reporter-output>
          </reporter-output>
        </test-method> <!-- beforeClass -->
        <test-method is-config="true" signature="beforeMethod()[pri:0, instance:tempTestPack.Test_class@63355449]" started-at="2022-09-13T23:57:33 IST" name="beforeMethod" finished-at="2022-09-13T23:57:33 IST" duration-ms="0" status="PASS">
          <reporter-output>
          </reporter-output>
        </test-method> <!-- beforeMethod -->
        <test-method signature="test1()[pri:0, instance:tempTestPack.Test_class@63355449]" started-at="2022-09-13T23:57:33 IST" name="test1" finished-at="2022-09-13T23:57:33 IST" duration-ms="7" status="PASS">
          <reporter-output>
          </reporter-output>
        </test-method> <!-- test1 -->
        <test-method is-config="true" signature="afterMethod()[pri:0, instance:tempTestPack.Test_class@63355449]" started-at="2022-09-13T23:57:33 IST" name="afterMethod" finished-at="2022-09-13T23:57:33 IST" duration-ms="2" status="PASS">
          <reporter-output>
          </reporter-output>
        </test-method> <!-- afterMethod -->
        <test-method is-config="true" signature="beforeMethod()[pri:0, instance:tempTestPack.Test_class@63355449]" started-at="2022-09-13T23:57:33 IST" name="beforeMethod" finished-at="2022-09-13T23:57:33 IST" duration-ms="1" status="PASS">
          <reporter-output>
          </reporter-output>
        </test-method> <!-- beforeMethod -->
        <test-method signature="test2()[pri:0, instance:tempTestPack.Test_class@63355449]" started-at="2022-09-13T23:57:33 IST" name="test2" finished-at="2022-09-13T23:57:33 IST" duration-ms="4" status="PASS">
          <reporter-output>
          </reporter-output>
        </test-method> <!-- test2 -->
        <test-method is-config="true" signature="afterMethod()[pri:0, instance:tempTestPack.Test_class@63355449]" started-at="2022-09-13T23:57:33 IST" name="afterMethod" finished-at="2022-09-13T23:57:33 IST" duration-ms="1" status="PASS">
          <reporter-output>
          </reporter-output>
        </test-method> <!-- afterMethod -->
        <test-method is-config="true" signature="afterClass()[pri:0, instance:tempTestPack.Test_class@63355449]" started-at="2022-09-13T23:57:33 IST" name="afterClass" finished-at="2022-09-13T23:57:33 IST" duration-ms="1" status="PASS">
          <reporter-output>
          </reporter-output>
        </test-method> <!-- afterClass -->
      </class> <!-- tempTestPack.Test_class -->
      <class name="tempTestPack.TestNgClass">
        <test-method is-config="true" signature="launchBrowser()[pri:0, instance:tempTestPack.TestNgClass@635eaaf1]" started-at="2022-09-13T23:57:33 IST" name="launchBrowser" finished-at="2022-09-13T23:57:36 IST" duration-ms="2530" status="PASS">
          <reporter-output>
          </reporter-output>
        </test-method> <!-- launchBrowser -->
        <test-method is-config="true" signature="openRoomsPage()[pri:0, instance:tempTestPack.TestNgClass@635eaaf1]" started-at="2022-09-13T23:57:36 IST" name="openRoomsPage" finished-at="2022-09-13T23:57:40 IST" duration-ms="4108" status="PASS">
          <reporter-output>
          </reporter-output>
        </test-method> <!-- openRoomsPage -->
        <test-method signature="verifyContactToHelpCenterButton()[pri:0, instance:tempTestPack.TestNgClass@635eaaf1]" started-at="2022-09-13T23:57:40 IST" name="verifyContactToHelpCenterButton" finished-at="2022-09-13T23:57:41 IST" duration-ms="1242" status="PASS">
          <reporter-output>
          </reporter-output>
        </test-method> <!-- verifyContactToHelpCenterButton -->
        <test-method is-config="true" signature="logoutfromApplication()[pri:0, instance:tempTestPack.TestNgClass@635eaaf1]" started-at="2022-09-13T23:57:41 IST" name="logoutfromApplication" finished-at="2022-09-13T23:57:41 IST" duration-ms="0" status="PASS">
          <reporter-output>
          </reporter-output>
        </test-method> <!-- logoutfromApplication -->
        <test-method is-config="true" signature="openRoomsPage()[pri:0, instance:tempTestPack.TestNgClass@635eaaf1]" started-at="2022-09-13T23:57:41 IST" name="openRoomsPage" finished-at="2022-09-13T23:57:44 IST" duration-ms="2883" status="PASS">
          <reporter-output>
          </reporter-output>
        </test-method> <!-- openRoomsPage -->
        <test-method signature="verifyGoBackToMessengerButton()[pri:0, instance:tempTestPack.TestNgClass@635eaaf1]" started-at="2022-09-13T23:57:44 IST" name="verifyGoBackToMessengerButton" finished-at="2022-09-13T23:57:46 IST" duration-ms="1730" status="PASS">
          <reporter-output>
          </reporter-output>
        </test-method> <!-- verifyGoBackToMessengerButton -->
        <test-method is-config="true" signature="logoutfromApplication()[pri:0, instance:tempTestPack.TestNgClass@635eaaf1]" started-at="2022-09-13T23:57:46 IST" name="logoutfromApplication" finished-at="2022-09-13T23:57:46 IST" duration-ms="0" status="PASS">
          <reporter-output>
          </reporter-output>
        </test-method> <!-- logoutfromApplication -->
        <test-method is-config="true" signature="closeBrowser()[pri:0, instance:tempTestPack.TestNgClass@635eaaf1]" started-at="2022-09-13T23:57:46 IST" name="closeBrowser" finished-at="2022-09-13T23:57:48 IST" duration-ms="2487" status="PASS">
          <reporter-output>
          </reporter-output>
        </test-method> <!-- closeBrowser -->
      </class> <!-- tempTestPack.TestNgClass -->
    </test> <!-- Test -->
  </suite> <!-- Suite -->
</testng-results>
